2018-01-30T00:10:47.104Z|||main||||INFO|||||com.att.eelf.debug||timerDelayTime value: 1000
2018-01-30T00:10:47.114Z|||main||||INFO|||||com.att.eelf.debug||checkInterval value: 30000
2018-01-30T00:10:47.114Z|||main||||INFO|||||com.att.eelf.debug||expiredDate value: 86400
2018-01-30T00:10:47.114Z|||main||||INFO|||||com.att.eelf.debug||concurrentHashMapLimit value: 5000
2018-01-30T00:10:47.114Z|||main||||INFO|||||com.att.eelf.debug||loggerType value: EELF
2018-01-30T00:10:47.114Z|||main||||INFO|||||com.att.eelf.debug||debugLogger level: INFO
2018-01-30T00:10:47.115Z|||main||||INFO|||||com.att.eelf.debug||component: DROOLS
2018-01-30T00:10:53.549Z|||main||||INFO|||||com.att.eelf.debug||POLICY-500I INFO: *********************** Rule audit id: POLICY-507I
2018-01-30T00:10:53.549Z|||main||||INFO|||||com.att.eelf.debug||POLICY-500I INFO: *********************** Rule audit value: Service Name: {0}:Executing rule: {1}
2018-01-30T00:35:34.509Z|||main||||INFO|||||com.att.eelf.debug||timerDelayTime value: 1000
2018-01-30T00:35:34.513Z|||main||||INFO|||||com.att.eelf.debug||checkInterval value: 30000
2018-01-30T00:35:34.514Z|||main||||INFO|||||com.att.eelf.debug||expiredDate value: 86400
2018-01-30T00:35:34.514Z|||main||||INFO|||||com.att.eelf.debug||concurrentHashMapLimit value: 5000
2018-01-30T00:35:34.514Z|||main||||INFO|||||com.att.eelf.debug||loggerType value: EELF
2018-01-30T00:35:34.514Z|||main||||INFO|||||com.att.eelf.debug||debugLogger level: INFO
2018-01-30T00:35:34.514Z|||main||||INFO|||||com.att.eelf.debug||component: DROOLS
2018-01-30T00:35:40.537Z|||main||||INFO|||||com.att.eelf.debug||POLICY-500I INFO: *********************** Rule audit id: POLICY-507I
2018-01-30T00:35:40.537Z|||main||||INFO|||||com.att.eelf.debug||POLICY-500I INFO: *********************** Rule audit value: Service Name: {0}:Executing rule: {1}
2018-01-30T03:22:30.124Z|||main||||INFO|||||com.att.eelf.debug||timerDelayTime value: 1000
2018-01-30T03:22:30.128Z|||main||||INFO|||||com.att.eelf.debug||checkInterval value: 30000
2018-01-30T03:22:30.129Z|||main||||INFO|||||com.att.eelf.debug||expiredDate value: 86400
2018-01-30T03:22:30.129Z|||main||||INFO|||||com.att.eelf.debug||concurrentHashMapLimit value: 5000
2018-01-30T03:22:30.129Z|||main||||INFO|||||com.att.eelf.debug||loggerType value: EELF
2018-01-30T03:22:30.129Z|||main||||INFO|||||com.att.eelf.debug||debugLogger level: INFO
2018-01-30T03:22:30.129Z|||main||||INFO|||||com.att.eelf.debug||component: DROOLS
2018-01-30T03:22:36.425Z|||main||||INFO|||||com.att.eelf.debug||POLICY-500I INFO: *********************** Rule audit id: POLICY-507I
2018-01-30T03:22:36.425Z|||main||||INFO|||||com.att.eelf.debug||POLICY-500I INFO: *********************** Rule audit value: Service Name: {0}:Executing rule: {1}
2018-01-30T03:33:54.934Z|||main||||INFO|||||com.att.eelf.debug||timerDelayTime value: 1000
2018-01-30T03:33:54.942Z|||main||||INFO|||||com.att.eelf.debug||checkInterval value: 30000
2018-01-30T03:33:54.942Z|||main||||INFO|||||com.att.eelf.debug||expiredDate value: 86400
2018-01-30T03:33:54.942Z|||main||||INFO|||||com.att.eelf.debug||concurrentHashMapLimit value: 5000
2018-01-30T03:33:54.942Z|||main||||INFO|||||com.att.eelf.debug||loggerType value: EELF
2018-01-30T03:33:54.942Z|||main||||INFO|||||com.att.eelf.debug||debugLogger level: INFO
2018-01-30T03:33:54.942Z|||main||||INFO|||||com.att.eelf.debug||component: DROOLS
2018-01-30T03:34:01.036Z|||main||||INFO|||||com.att.eelf.debug||POLICY-500I INFO: *********************** Rule audit id: POLICY-507I
2018-01-30T03:34:01.036Z|||main||||INFO|||||com.att.eelf.debug||POLICY-500I INFO: *********************** Rule audit value: Service Name: {0}:Executing rule: {1}
2018-01-30T03:35:28.771Z|||main||||INFO|||||com.att.eelf.debug||timerDelayTime value: 1000
2018-01-30T03:35:28.774Z|||main||||INFO|||||com.att.eelf.debug||checkInterval value: 30000
2018-01-30T03:35:28.774Z|||main||||INFO|||||com.att.eelf.debug||expiredDate value: 86400
2018-01-30T03:35:28.774Z|||main||||INFO|||||com.att.eelf.debug||concurrentHashMapLimit value: 5000
2018-01-30T03:35:28.775Z|||main||||INFO|||||com.att.eelf.debug||loggerType value: EELF
2018-01-30T03:35:28.775Z|||main||||INFO|||||com.att.eelf.debug||debugLogger level: INFO
2018-01-30T03:35:28.775Z|||main||||INFO|||||com.att.eelf.debug||component: DROOLS
2018-01-30T03:35:34.970Z|||main||||INFO|||||com.att.eelf.debug||POLICY-500I INFO: *********************** Rule audit id: POLICY-507I
2018-01-30T03:35:34.971Z|||main||||INFO|||||com.att.eelf.debug||POLICY-500I INFO: *********************** Rule audit value: Service Name: {0}:Executing rule: {1}
